#
# A fatal error has been detected by the Java Runtime Environment:
#
#  SIGSEGV (0xb) at pc=0x000000010ae4c5a2, pid=2418, tid=0x0000000000004403
#
# JRE version: Java(TM) SE Runtime Environment (8.0_101-b13) (build 1.8.0_101-b13)
# Java VM: Java HotSpot(TM) 64-Bit Server VM (25.101-b13 mixed mode bsd-amd64 compressed oops)
# Problematic frame:
# V  [libjvm.dylib+0x44c5a2]
#
# Failed to write core dump. Core dumps have been disabled. To enable core dumping, try "ulimit -c unlimited" before starting Java again
#
# If you would like to submit a bug report, please visit:
#   http://bugreport.java.com/bugreport/crash.jsp
#

---------------  T H R E A D  ---------------

Current thread (0x00007fd5e984d000):  JavaThread "JDWP Transport Listener: dt_socket" daemon [_thread_in_vm, id=17411, stack(0x0000700000bbe000,0x0000700000cbe000)]

siginfo: si_signo: 11 (SIGSEGV), si_code: 0 (unknown), si_addr: 0x0000000000000000

Registers:
RAX=0x0000000000000001, RBX=0x31000000bebafeca, RCX=0x000000010b21f360, RDX=0x0000700000cbda8b
RSP=0x0000700000cbd9d0, RBP=0x0000700000cbd9e0, RSI=0x00007fd5e984d000, RDI=0x00007fd5ea056200
R8 =0x0000000000000003, R9 =0x0000000000000000, R10=0x0000000000000004, R11=0x00007fd5e8700000
R12=0x00007fd5e984d000, R13=0x00007fd5ea056200, R14=0x00007fd5ea056200, R15=0x00007fd5e8601d70
RIP=0x000000010ae4c5a2, EFLAGS=0x0000000000010206, ERR=0x0000000000000000
  TRAPNO=0x000000000000000d

Top of Stack: (sp=0x0000700000cbd9d0)
0x0000700000cbd9d0:   0000700000cbda8b 0000700000cbda8b
0x0000700000cbd9e0:   0000700000cbda40 000000010ad580d2
0x0000700000cbd9f0:   00007fd5e984d000 0000000000000000
0x0000700000cbda00:   0000000000000000 0000000000000000
0x0000700000cbda10:   00007fd5e984d000 00007fd5e984d000
0x0000700000cbda20:   0000700000cbda8b 0000700000cbda90
0x0000700000cbda30:   00007fd5ea056200 0000000000000008
0x0000700000cbda40:   0000700000cbda60 000000010a12b780
0x0000700000cbda50:   0000000000000001 0000700000cbdb08
0x0000700000cbda60:   0000700000cbdad0 000000010a1101f3
0x0000700000cbda70:   0000700000cbdaa0 00007fd5e871d340
0x0000700000cbda80:   0000000a00000032 0000000a00cbdb08
0x0000700000cbda90:   0000000000000000 0000000000000000
0x0000700000cbdaa0:   0000000000000000 0000700000cbdc90
0x0000700000cbdab0:   000000010a132e7a 00007fd5e8723460
0x0000700000cbdac0:   0000700000cbdb08 000000010a13e598
0x0000700000cbdad0:   0000700000cbdae0 000000010a1102ec
0x0000700000cbdae0:   0000700000cbdd00 000000010a119898
0x0000700000cbdaf0:   0000138100000013 00000000000f0200
0x0000700000cbdb00:   00007fd5e8724390 00007fd5e8723e31
0x0000700000cbdb10:   00007fd500000147 00007fd5e8724210
0x0000700000cbdb20:   000000000000012c 0000700000cbdb58
0x0000700000cbdb30:   00007fd5e8724210 0000000000000000
0x0000700000cbdb40:   0000138100000072 00007fff0000bc80
0x0000700000cbdb50:   0000700000cbdb58 d57f00000a000000
0x0000700000cbdb60:   08000000603372e8 3e74696e696c633c
0x0000700000cbdb70:   0056292803000000 0008000000000000
0x0000700000cbdb80:   00583372e8d57f00 74696e693c060000
0x0000700000cbdb90:   562928030000003e 0100000000000000
0x0000700000cbdba0:   c02872e8d57f0000 6e69616d04000000
0x0000700000cbdbb0:   6a4c5b2816000000 676e616c2f617661
0x0000700000cbdbc0:   3b676e697274532f 0000000000005629 

Instructions: (pc=0x000000010ae4c5a2)
0x000000010ae4c582:   31 c0 5d c3 55 48 89 e5 53 48 83 ec 08 48 85 ff
0x000000010ae4c592:   74 24 48 8b 1f 48 85 db 74 1c 48 83 fb 37 74 16
0x000000010ae4c5a2:   48 8b 03 48 89 df ff 50 10 84 c0 b8 00 00 00 00
0x000000010ae4c5b2:   48 0f 45 c3 eb 02 31 c0 48 83 c4 08 5b 5d c3 90 

Register to memory mapping:

RAX=0x0000000000000001 is an unknown value
RBX=0x31000000bebafeca is an unknown value
RCX=0x000000010b21f360: UseMembar+0 in /Library/Java/JavaVirtualMachines/jdk1.8.0_101.jdk/Contents/Home/jre/lib/server/libjvm.dylib at 0x000000010aa00000
RDX=0x0000700000cbda8b is pointing into the stack for thread: 0x00007fd5e984d000
RSP=0x0000700000cbd9d0 is pointing into the stack for thread: 0x00007fd5e984d000
RBP=0x0000700000cbd9e0 is pointing into the stack for thread: 0x00007fd5e984d000
RSI=0x00007fd5e984d000 is a thread
RDI=0x00007fd5ea056200 is an unknown value
R8 =0x0000000000000003 is an unknown value
R9 =0x0000000000000000 is an unknown value
R10=0x0000000000000004 is an unknown value
R11=0x00007fd5e8700000 is an unknown value
R12=0x00007fd5e984d000 is a thread
R13=0x00007fd5ea056200 is an unknown value
R14=0x00007fd5ea056200 is an unknown value
R15=0x00007fd5e8601d70 is an unknown value


Stack: [0x0000700000bbe000,0x0000700000cbe000],  sp=0x0000700000cbd9d0,  free space=1022k
Native frames: (J=compiled Java code, j=interpreted, Vv=VM code, C=native code)
V  [libjvm.dylib+0x44c5a2]
V  [libjvm.dylib+0x3580d2]
C  [libjdwp.dylib+0x20780]  isMethodSynthetic+0x63
C  [libjdwp.dylib+0x51f3]  methods1+0x10b
C  [libjdwp.dylib+0x52ec]  methodsWithGeneric+0xe
C  [libjdwp.dylib+0xe898]  debugLoop_run+0x1ce
C  [libjdwp.dylib+0x1f6ba]  attachThread+0x4d
V  [libjvm.dylib+0x399438]
V  [libjvm.dylib+0x5695ab]
V  [libjvm.dylib+0x56ac98]
V  [libjvm.dylib+0x48933a]
C  [libsystem_pthread.dylib+0x399d]  _pthread_body+0x83
C  [libsystem_pthread.dylib+0x391a]  _pthread_body+0x0
C  [libsystem_pthread.dylib+0x1351]  thread_start+0xd
C  0x0000000000000000


---------------  P R O C E S S  ---------------

Java Threads: ( => current thread )
  0x00007fd5e9852800 JavaThread "Service Thread" daemon [_thread_blocked, id=20483, stack(0x00007000011d0000,0x00007000012d0000)]
  0x00007fd5e984f800 JavaThread "C1 CompilerThread2" daemon [_thread_blocked, id=19971, stack(0x00007000010cd000,0x00007000011cd000)]
  0x00007fd5e984f000 JavaThread "C2 CompilerThread1" daemon [_thread_blocked, id=19459, stack(0x0000700000fca000,0x00007000010ca000)]
  0x00007fd5ea046800 JavaThread "C2 CompilerThread0" daemon [_thread_blocked, id=18947, stack(0x0000700000ec7000,0x0000700000fc7000)]
  0x00007fd5e881e800 JavaThread "JDWP Command Reader" daemon [_thread_in_native, id=18435, stack(0x0000700000dc4000,0x0000700000ec4000)]
  0x00007fd5e984c000 JavaThread "JDWP Event Helper Thread" daemon [_thread_blocked, id=17923, stack(0x0000700000cc1000,0x0000700000dc1000)]
=>0x00007fd5e984d000 JavaThread "JDWP Transport Listener: dt_socket" daemon [_thread_in_vm, id=17411, stack(0x0000700000bbe000,0x0000700000cbe000)]
  0x00007fd5e9801000 JavaThread "Signal Dispatcher" daemon [_thread_blocked, id=16659, stack(0x0000700000abb000,0x0000700000bbb000)]
  0x00007fd5e900b000 JavaThread "Finalizer" daemon [_thread_blocked, id=12291, stack(0x000070000082f000,0x000070000092f000)]
  0x00007fd5e8816800 JavaThread "Reference Handler" daemon [_thread_blocked, id=11779, stack(0x000070000072c000,0x000070000082c000)]
  0x00007fd5e8806800 JavaThread "main" [_thread_blocked, id=5891, stack(0x000070000011a000,0x000070000021a000)]

Other Threads:
  0x00007fd5ea01c000 VMThread [stack: 0x0000700000629000,0x0000700000729000] [id=11267]
  0x00007fd5e9000000 WatcherThread [stack: 0x00007000012d3000,0x00007000013d3000] [id=20995]

VM state:not at safepoint (normal execution)

VM Mutex/Monitor currently owned by a thread: None

Heap:
 PSYoungGen      total 76288K, used 5242K [0x000000076ab00000, 0x0000000770000000, 0x00000007c0000000)
  eden space 65536K, 8% used [0x000000076ab00000,0x000000076b01ebd8,0x000000076eb00000)
  from space 10752K, 0% used [0x000000076f580000,0x000000076f580000,0x0000000770000000)
  to   space 10752K, 0% used [0x000000076eb00000,0x000000076eb00000,0x000000076f580000)
 ParOldGen       total 175104K, used 0K [0x00000006c0000000, 0x00000006cab00000, 0x000000076ab00000)
  object space 175104K, 0% used [0x00000006c0000000,0x00000006c0000000,0x00000006cab00000)
 Metaspace       used 3191K, capacity 4664K, committed 4864K, reserved 1056768K
  class space    used 334K, capacity 424K, committed 512K, reserved 1048576K

Card table byte_map: [0x000000011ad5d000,0x000000011b55e000] byte_map_base: 0x000000011775d000

Marking Bits: (ParMarkBitMap*) 0x000000010b2edd20
 Begin Bits: [0x000000011bab4000, 0x000000011fab4000)
 End Bits:   [0x000000011fab4000, 0x0000000123ab4000)

Polling page: 0x000000010a10a000

CodeCache: size=245760Kb used=1208Kb max_used=1208Kb free=244551Kb
 bounds [0x000000010b99d000, 0x000000010bc0d000, 0x000000011a99d000]
 total_blobs=319 nmethods=80 adapters=161
 compilation: enabled

Compilation events (10 events):
Event: 0.141 Thread 0x00007fd5e984f800   75  s    1       java.util.Vector::size (5 bytes)
Event: 0.141 Thread 0x00007fd5e984f800 nmethod 75 0x000000010bac1990 code [0x000000010bac1ae0, 0x000000010bac1d50]
Event: 0.141 Thread 0x00007fd5e984f800   77       1       java.net.URL::getHost (5 bytes)
Event: 0.141 Thread 0x00007fd5e984f800 nmethod 77 0x000000010bac1610 code [0x000000010bac1760, 0x000000010bac1870]
Event: 0.142 Thread 0x00007fd5e984f800   78       3       java.lang.StringBuilder::toString (17 bytes)
Event: 0.142 Thread 0x00007fd5e984f800 nmethod 78 0x000000010bac8b10 code [0x000000010bac8c80, 0x000000010bac8e88]
Event: 0.142 Thread 0x00007fd5e984f800   79       3       java.lang.String::lastIndexOf (13 bytes)
Event: 0.142 Thread 0x00007fd5e984f800 nmethod 79 0x000000010bac8f50 code [0x000000010bac90c0, 0x000000010bac92e8]
Event: 0.142 Thread 0x00007fd5e984f800   80       3       java.lang.String::indexOf (25 bytes)
Event: 0.142 Thread 0x00007fd5e984f800 nmethod 80 0x000000010bac9390 code [0x000000010bac9500, 0x000000010bac96e8]

GC Heap History (0 events):
No events

Deoptimization events (0 events):
No events

Internal exceptions (10 events):
Event: 0.128 Thread 0x00007fd5e8806800 Exception <a 'java/security/PrivilegedActionException'> (0x000000076abe0358) thrown at [/HUDSON3/workspace/8-2-build-macosx-x86_64/jdk8u101/7261/hotspot/src/share/vm/prims/jvm.cpp, line 1386]
Event: 0.128 Thread 0x00007fd5e8806800 Exception <a 'java/util/zip/ZipException'> (0x000000076abe10d8) thrown at [/HUDSON3/workspace/8-2-build-macosx-x86_64/jdk8u101/7261/hotspot/src/share/vm/prims/jni.cpp, line 709]
Event: 0.128 Thread 0x00007fd5e8806800 Exception <a 'java/security/PrivilegedActionException'> (0x000000076abe12e0) thrown at [/HUDSON3/workspace/8-2-build-macosx-x86_64/jdk8u101/7261/hotspot/src/share/vm/prims/jvm.cpp, line 1386]
Event: 0.128 Thread 0x00007fd5e8806800 Exception <a 'java/security/PrivilegedActionException'> (0x000000076abe14f0) thrown at [/HUDSON3/workspace/8-2-build-macosx-x86_64/jdk8u101/7261/hotspot/src/share/vm/prims/jvm.cpp, line 1386]
Event: 0.129 Thread 0x00007fd5e8806800 Exception <a 'java/util/zip/ZipException'> (0x000000076abe2270) thrown at [/HUDSON3/workspace/8-2-build-macosx-x86_64/jdk8u101/7261/hotspot/src/share/vm/prims/jni.cpp, line 709]
Event: 0.129 Thread 0x00007fd5e8806800 Exception <a 'java/security/PrivilegedActionException'> (0x000000076abe2478) thrown at [/HUDSON3/workspace/8-2-build-macosx-x86_64/jdk8u101/7261/hotspot/src/share/vm/prims/jvm.cpp, line 1386]
Event: 0.129 Thread 0x00007fd5e8806800 Exception <a 'java/security/PrivilegedActionException'> (0x000000076abe2688) thrown at [/HUDSON3/workspace/8-2-build-macosx-x86_64/jdk8u101/7261/hotspot/src/share/vm/prims/jvm.cpp, line 1386]
Event: 0.130 Thread 0x00007fd5e8806800 Exception <a 'java/util/zip/ZipException'> (0x000000076abf4168) thrown at [/HUDSON3/workspace/8-2-build-macosx-x86_64/jdk8u101/7261/hotspot/src/share/vm/prims/jni.cpp, line 709]
Event: 0.130 Thread 0x00007fd5e8806800 Exception <a 'java/security/PrivilegedActionException'> (0x000000076abf4370) thrown at [/HUDSON3/workspace/8-2-build-macosx-x86_64/jdk8u101/7261/hotspot/src/share/vm/prims/jvm.cpp, line 1386]
Event: 0.130 Thread 0x00007fd5e8806800 Exception <a 'java/security/PrivilegedActionException'> (0x000000076abf4580) thrown at [/HUDSON3/workspace/8-2-build-macosx-x86_64/jdk8u101/7261/hotspot/src/share/vm/prims/jvm.cpp, line 1386]

Events (10 events):
Event: 891.944 Executing VM operation: RedefineClasses
Event: 891.945 Executing VM operation: RedefineClasses done
Event: 892.325 Executing VM operation: GetOrSetLocal
Event: 892.325 Executing VM operation: GetOrSetLocal done
Event: 918.518 Executing VM operation: RedefineClasses
Event: 918.518 Executing VM operation: RedefineClasses done
Event: 918.902 Executing VM operation: GetOrSetLocal
Event: 918.902 Executing VM operation: GetOrSetLocal done
Event: 929.092 Executing VM operation: RedefineClasses
Event: 929.093 Executing VM operation: RedefineClasses done


Dynamic libraries:
0x0000000007385000 	/System/Library/Frameworks/Cocoa.framework/Versions/A/Cocoa
0x0000000007385000 	/System/Library/Frameworks/Security.framework/Versions/A/Security
0x0000000007385000 	/System/Library/Frameworks/ApplicationServices.framework/Versions/A/ApplicationServices
0x0000000007385000 	/usr/lib/libz.1.dylib
0x0000000007385000 	/usr/lib/libSystem.B.dylib
0x0000000007385000 	/usr/lib/libobjc.A.dylib
0x0000000007385000 	/System/Library/Frameworks/CoreFoundation.framework/Versions/A/CoreFoundation
0x0000000007385000 	/System/Library/Frameworks/Foundation.framework/Versions/C/Foundation
0x0000000007385000 	/System/Library/Frameworks/AppKit.framework/Versions/C/AppKit
0x0000000007385000 	/System/Library/Frameworks/CoreData.framework/Versions/A/CoreData
0x0000000007385000 	/System/Library/PrivateFrameworks/RemoteViewServices.framework/Versions/A/RemoteViewServices
0x0000000007385000 	/System/Library/PrivateFrameworks/UIFoundation.framework/Versions/A/UIFoundation
0x0000000007385000 	/usr/lib/libScreenReader.dylib
0x0000000007385000 	/System/Library/Frameworks/Accelerate.framework/Versions/A/Accelerate
0x0000000007385000 	/System/Library/Frameworks/IOSurface.framework/Versions/A/IOSurface
0x0000000007385000 	/System/Library/Frameworks/AudioToolbox.framework/Versions/A/AudioToolbox
0x0000000007385000 	/System/Library/Frameworks/AudioUnit.framework/Versions/A/AudioUnit
0x0000000007385000 	/System/Library/PrivateFrameworks/DataDetectorsCore.framework/Versions/A/DataDetectorsCore
0x0000000007385000 	/System/Library/PrivateFrameworks/DesktopServicesPriv.framework/Versions/A/DesktopServicesPriv
0x0000000007385000 	/System/Library/Frameworks/Carbon.framework/Versions/A/Frameworks/HIToolbox.framework/Versions/A/HIToolbox
0x0000000007385000 	/System/Library/Frameworks/QuartzCore.framework/Versions/A/QuartzCore
0x0000000007385000 	/System/Library/Frameworks/Carbon.framework/Versions/A/Frameworks/SpeechRecognition.framework/Versions/A/SpeechRecognition
0x0000000007385000 	/usr/lib/libauto.dylib
0x0000000007385000 	/usr/lib/libicucore.A.dylib
0x0000000007385000 	/usr/lib/libxml2.2.dylib
0x0000000007385000 	/System/Library/PrivateFrameworks/CoreUI.framework/Versions/A/CoreUI
0x0000000007385000 	/System/Library/Frameworks/CoreAudio.framework/Versions/A/CoreAudio
0x0000000007385000 	/System/Library/Frameworks/DiskArbitration.framework/Versions/A/DiskArbitration
0x0000000007385000 	/usr/lib/liblangid.dylib
0x0000000007385000 	/System/Library/PrivateFrameworks/MultitouchSupport.framework/Versions/A/MultitouchSupport
0x0000000007385000 	/System/Library/Frameworks/IOKit.framework/Versions/A/IOKit
0x0000000007385000 	/usr/lib/libDiagnosticMessagesClient.dylib
0x0000000007385000 	/System/Library/Frameworks/CoreServices.framework/Versions/A/CoreServices
0x0000000007385000 	/System/Library/PrivateFrameworks/PerformanceAnalysis.framework/Versions/A/PerformanceAnalysis
0x0000000007385000 	/System/Library/PrivateFrameworks/GenerationalStorage.framework/Versions/A/GenerationalStorage
0x0000000007385000 	/System/Library/Frameworks/OpenGL.framework/Versions/A/OpenGL
0x0000000007385000 	/System/Library/PrivateFrameworks/Sharing.framework/Versions/A/Sharing
0x0000000007385000 	/System/Library/Frameworks/CoreGraphics.framework/Versions/A/CoreGraphics
0x0000000007385000 	/System/Library/Frameworks/CoreImage.framework/Versions/A/CoreImage
0x0000000007385000 	/System/Library/Frameworks/CoreText.framework/Versions/A/CoreText
0x0000000007385000 	/System/Library/Frameworks/ImageIO.framework/Versions/A/ImageIO
0x0000000007385000 	/System/Library/PrivateFrameworks/Backup.framework/Versions/A/Backup
0x0000000007385000 	/usr/lib/libextension.dylib
0x0000000007385000 	/usr/lib/libarchive.2.dylib
0x0000000007385000 	/System/Library/Frameworks/CFNetwork.framework/Versions/A/CFNetwork
0x0000000007385000 	/System/Library/Frameworks/SystemConfiguration.framework/Versions/A/SystemConfiguration
0x0000000007385000 	/usr/lib/libCRFSuite.dylib
0x0000000007385000 	/usr/lib/libc++.1.dylib
0x0000000007385000 	/usr/lib/libc++abi.dylib
0x0000000007385000 	/usr/lib/system/libcache.dylib
0x0000000007385000 	/usr/lib/system/libcommonCrypto.dylib
0x0000000007385000 	/usr/lib/system/libcompiler_rt.dylib
0x0000000007385000 	/usr/lib/system/libcopyfile.dylib
0x0000000007385000 	/usr/lib/system/libcorecrypto.dylib
0x0000000007385000 	/usr/lib/system/libdispatch.dylib
0x0000000007385000 	/usr/lib/system/libdyld.dylib
0x0000000007385000 	/usr/lib/system/libkeymgr.dylib
0x0000000007385000 	/usr/lib/system/liblaunch.dylib
0x0000000007385000 	/usr/lib/system/libmacho.dylib
0x0000000007385000 	/usr/lib/system/libquarantine.dylib
0x0000000007385000 	/usr/lib/system/libremovefile.dylib
0x0000000007385000 	/usr/lib/system/libsystem_asl.dylib
0x0000000007385000 	/usr/lib/system/libsystem_blocks.dylib
0x0000000007385000 	/usr/lib/system/libsystem_c.dylib
0x0000000007385000 	/usr/lib/system/libsystem_configuration.dylib
0x0000000007385000 	/usr/lib/system/libsystem_coreservices.dylib
0x0000000007385000 	/usr/lib/system/libsystem_coretls.dylib
0x0000000007385000 	/usr/lib/system/libsystem_dnssd.dylib
0x0000000007385000 	/usr/lib/system/libsystem_info.dylib
0x0000000007385000 	/usr/lib/system/libsystem_kernel.dylib
0x0000000007385000 	/usr/lib/system/libsystem_m.dylib
0x0000000007385000 	/usr/lib/system/libsystem_malloc.dylib
0x0000000007385000 	/usr/lib/system/libsystem_network.dylib
0x0000000007385000 	/usr/lib/system/libsystem_networkextension.dylib
0x0000000007385000 	/usr/lib/system/libsystem_notify.dylib
0x0000000007385000 	/usr/lib/system/libsystem_platform.dylib
0x0000000007385000 	/usr/lib/system/libsystem_pthread.dylib
0x0000000007385000 	/usr/lib/system/libsystem_sandbox.dylib
0x0000000007385000 	/usr/lib/system/libsystem_secinit.dylib
0x0000000007385000 	/usr/lib/system/libsystem_trace.dylib
0x0000000007385000 	/usr/lib/system/libunc.dylib
0x0000000007385000 	/usr/lib/system/libunwind.dylib
0x0000000007385000 	/usr/lib/system/libxpc.dylib
0x0000000007385000 	/usr/lib/libenergytrace.dylib
0x0000000007385000 	/usr/lib/libbsm.0.dylib
0x0000000007385000 	/usr/lib/system/libkxld.dylib
0x0000000007385000 	/usr/lib/libxar.1.dylib
0x0000000007385000 	/usr/lib/libsqlite3.dylib
0x0000000007385000 	/usr/lib/libpam.2.dylib
0x0000000007385000 	/usr/lib/libOpenScriptingUtil.dylib
0x0000000007385000 	/usr/lib/libbz2.1.0.dylib
0x0000000007385000 	/usr/lib/liblzma.5.dylib
0x0000000007385000 	/System/Library/Frameworks/CoreServices.framework/Versions/A/Frameworks/FSEvents.framework/Versions/A/FSEvents
0x0000000007385000 	/System/Library/Frameworks/CoreServices.framework/Versions/A/Frameworks/CarbonCore.framework/Versions/A/CarbonCore
0x0000000007385000 	/System/Library/Frameworks/CoreServices.framework/Versions/A/Frameworks/Metadata.framework/Versions/A/Metadata
0x0000000007385000 	/System/Library/Frameworks/CoreServices.framework/Versions/A/Frameworks/OSServices.framework/Versions/A/OSServices
0x0000000007385000 	/System/Library/Frameworks/CoreServices.framework/Versions/A/Frameworks/SearchKit.framework/Versions/A/SearchKit
0x0000000007385000 	/System/Library/Frameworks/CoreServices.framework/Versions/A/Frameworks/AE.framework/Versions/A/AE
0x0000000007385000 	/System/Library/Frameworks/CoreServices.framework/Versions/A/Frameworks/LaunchServices.framework/Versions/A/LaunchServices
0x0000000007385000 	/System/Library/Frameworks/CoreServices.framework/Versions/A/Frameworks/DictionaryServices.framework/Versions/A/DictionaryServices
0x0000000007385000 	/System/Library/Frameworks/CoreServices.framework/Versions/A/Frameworks/SharedFileList.framework/Versions/A/SharedFileList
0x0000000007385000 	/System/Library/Frameworks/NetFS.framework/Versions/A/NetFS
0x0000000007385000 	/System/Library/PrivateFrameworks/NetAuth.framework/Versions/A/NetAuth
0x0000000007385000 	/System/Library/PrivateFrameworks/login.framework/Versions/A/Frameworks/loginsupport.framework/Versions/A/loginsupport
0x0000000007385000 	/System/Library/PrivateFrameworks/TCC.framework/Versions/A/TCC
0x0000000007385000 	/usr/lib/libmecabra.dylib
0x0000000007385000 	/System/Library/Frameworks/ApplicationServices.framework/Versions/A/Frameworks/ATS.framework/Versions/A/ATS
0x0000000007385000 	/System/Library/Frameworks/ApplicationServices.framework/Versions/A/Frameworks/ColorSync.framework/Versions/A/ColorSync
0x0000000007385000 	/System/Library/Frameworks/ApplicationServices.framework/Versions/A/Frameworks/HIServices.framework/Versions/A/HIServices
0x0000000007385000 	/System/Library/Frameworks/ApplicationServices.framework/Versions/A/Frameworks/LangAnalysis.framework/Versions/A/LangAnalysis
0x0000000007385000 	/System/Library/Frameworks/ApplicationServices.framework/Versions/A/Frameworks/PrintCore.framework/Versions/A/PrintCore
0x0000000007385000 	/System/Library/Frameworks/ApplicationServices.framework/Versions/A/Frameworks/QD.framework/Versions/A/QD
0x0000000007385000 	/System/Library/Frameworks/ApplicationServices.framework/Versions/A/Frameworks/SpeechSynthesis.framework/Versions/A/SpeechSynthesis
0x0000000007385000 	/System/Library/Frameworks/Metal.framework/Versions/A/Metal
0x0000000007385000 	/System/Library/Frameworks/Accelerate.framework/Versions/A/Frameworks/vImage.framework/Versions/A/vImage
0x0000000007385000 	/System/Library/Frameworks/Accelerate.framework/Versions/A/Frameworks/vecLib.framework/Versions/A/vecLib
0x0000000007385000 	/System/Library/Frameworks/Accelerate.framework/Versions/A/Frameworks/vecLib.framework/Versions/A/libvDSP.dylib
0x0000000007385000 	/System/Library/Frameworks/Accelerate.framework/Versions/A/Frameworks/vecLib.framework/Versions/A/libvMisc.dylib
0x0000000007385000 	/System/Library/Frameworks/Accelerate.framework/Versions/A/Frameworks/vecLib.framework/Versions/A/libLAPACK.dylib
0x0000000007385000 	/System/Library/Frameworks/Accelerate.framework/Versions/A/Frameworks/vecLib.framework/Versions/A/libBLAS.dylib
0x0000000007385000 	/System/Library/Frameworks/Accelerate.framework/Versions/A/Frameworks/vecLib.framework/Versions/A/libLinearAlgebra.dylib
0x0000000007385000 	/System/Library/Frameworks/Accelerate.framework/Versions/A/Frameworks/vecLib.framework/Versions/A/libSparseBLAS.dylib
0x0000000007385000 	/System/Library/PrivateFrameworks/GPUCompiler.framework/libmetal_timestamp.dylib
0x0000000007385000 	/System/Library/Frameworks/OpenGL.framework/Versions/A/Libraries/libCoreFSCache.dylib
0x0000000007385000 	/System/Library/PrivateFrameworks/IOAccelerator.framework/Versions/A/IOAccelerator
0x0000000007385000 	/System/Library/Frameworks/ApplicationServices.framework/Versions/A/Frameworks/ATS.framework/Versions/A/Resources/libFontParser.dylib
0x0000000007385000 	/System/Library/Frameworks/ApplicationServices.framework/Versions/A/Frameworks/ATS.framework/Versions/A/Resources/libFontRegistry.dylib
0x0000000007385000 	/System/Library/PrivateFrameworks/AppleVPA.framework/Versions/A/AppleVPA
0x0000000007385000 	/System/Library/PrivateFrameworks/AppleJPEG.framework/Versions/A/AppleJPEG
0x0000000007385000 	/System/Library/Frameworks/ImageIO.framework/Versions/A/Resources/libJPEG.dylib
0x0000000007385000 	/System/Library/Frameworks/ImageIO.framework/Versions/A/Resources/libTIFF.dylib
0x0000000007385000 	/System/Library/Frameworks/ImageIO.framework/Versions/A/Resources/libPng.dylib
0x0000000007385000 	/System/Library/Frameworks/ImageIO.framework/Versions/A/Resources/libGIF.dylib
0x0000000007385000 	/System/Library/Frameworks/ImageIO.framework/Versions/A/Resources/libJP2.dylib
0x0000000007385000 	/System/Library/Frameworks/ImageIO.framework/Versions/A/Resources/libRadiance.dylib
0x0000000007385000 	/System/Library/Frameworks/CoreVideo.framework/Versions/A/CoreVideo
0x0000000007385000 	/System/Library/Frameworks/OpenGL.framework/Versions/A/Libraries/libGLU.dylib
0x0000000007385000 	/System/Library/Frameworks/OpenGL.framework/Versions/A/Libraries/libGFXShared.dylib
0x0000000007385000 	/System/Library/Frameworks/OpenGL.framework/Versions/A/Libraries/libGL.dylib
0x0000000007385000 	/System/Library/Frameworks/OpenGL.framework/Versions/A/Libraries/libGLImage.dylib
0x0000000007385000 	/System/Library/Frameworks/OpenGL.framework/Versions/A/Libraries/libCVMSPluginSupport.dylib
0x0000000007385000 	/System/Library/Frameworks/OpenGL.framework/Versions/A/Libraries/libCoreVMClient.dylib
0x0000000007385000 	/usr/lib/libcompression.dylib
0x0000000007385000 	/usr/lib/libcups.2.dylib
0x0000000007385000 	/System/Library/Frameworks/Kerberos.framework/Versions/A/Kerberos
0x0000000007385000 	/System/Library/Frameworks/GSS.framework/Versions/A/GSS
0x0000000007385000 	/usr/lib/libresolv.9.dylib
0x0000000007385000 	/usr/lib/libiconv.2.dylib
0x0000000007385000 	/System/Library/PrivateFrameworks/Heimdal.framework/Versions/A/Heimdal
0x0000000007385000 	/usr/lib/libheimdal-asn1.dylib
0x0000000007385000 	/System/Library/Frameworks/OpenDirectory.framework/Versions/A/OpenDirectory
0x0000000007385000 	/System/Library/PrivateFrameworks/CommonAuth.framework/Versions/A/CommonAuth
0x0000000007385000 	/System/Library/Frameworks/OpenDirectory.framework/Versions/A/Frameworks/CFOpenDirectory.framework/Versions/A/CFOpenDirectory
0x0000000007385000 	/System/Library/Frameworks/SecurityFoundation.framework/Versions/A/SecurityFoundation
0x0000000007385000 	/System/Library/PrivateFrameworks/LanguageModeling.framework/Versions/A/LanguageModeling
0x0000000007385000 	/usr/lib/libmarisa.dylib
0x0000000007385000 	/usr/lib/libChineseTokenizer.dylib
0x0000000007385000 	/usr/lib/libcmph.dylib
0x0000000007385000 	/System/Library/Frameworks/ServiceManagement.framework/Versions/A/ServiceManagement
0x0000000007385000 	/usr/lib/libxslt.1.dylib
0x0000000007385000 	/System/Library/Frameworks/Carbon.framework/Versions/A/Frameworks/Ink.framework/Versions/A/Ink
0x0000000007385000 	/usr/lib/libFosl_dynamic.dylib
0x0000000007385000 	/System/Library/PrivateFrameworks/FaceCore.framework/Versions/A/FaceCore
0x0000000007385000 	/System/Library/Frameworks/OpenCL.framework/Versions/A/OpenCL
0x0000000007385000 	/System/Library/PrivateFrameworks/CrashReporterSupport.framework/Versions/A/CrashReporterSupport
0x0000000007385000 	/System/Library/PrivateFrameworks/IconServices.framework/Versions/A/IconServices
0x0000000007385000 	/System/Library/PrivateFrameworks/Apple80211.framework/Versions/A/Apple80211
0x0000000007385000 	/System/Library/Frameworks/CoreWLAN.framework/Versions/A/CoreWLAN
0x0000000007385000 	/System/Library/Frameworks/IOBluetooth.framework/Versions/A/IOBluetooth
0x0000000007385000 	/System/Library/PrivateFrameworks/CoreWiFi.framework/Versions/A/CoreWiFi
0x0000000007385000 	/System/Library/Frameworks/CoreBluetooth.framework/Versions/A/CoreBluetooth
0x0000000007385000 	/System/Library/PrivateFrameworks/ChunkingLibrary.framework/Versions/A/ChunkingLibrary
0x0000000007385000 	/System/Library/PrivateFrameworks/DebugSymbols.framework/Versions/A/DebugSymbols
0x0000000007385000 	/System/Library/PrivateFrameworks/CoreSymbolication.framework/Versions/A/CoreSymbolication
0x0000000007385000 	/System/Library/PrivateFrameworks/Symbolication.framework/Versions/A/Symbolication
0x0000000007385000 	/System/Library/PrivateFrameworks/SpeechRecognitionCore.framework/Versions/A/SpeechRecognitionCore
0x000000010aa00000 	/Library/Java/JavaVirtualMachines/jdk1.8.0_101.jdk/Contents/Home/jre/lib/server/libjvm.dylib
0x0000000007385000 	/usr/lib/libstdc++.6.dylib
0x000000010a0c7000 	/Library/Java/JavaVirtualMachines/jdk1.8.0_101.jdk/Contents/Home/jre/lib/libverify.dylib
0x000000010a0d5000 	/Library/Java/JavaVirtualMachines/jdk1.8.0_101.jdk/Contents/Home/jre/lib/libjava.dylib
0x000000010a10b000 	/Library/Java/JavaVirtualMachines/jdk1.8.0_101.jdk/Contents/Home/jre/lib/libjdwp.dylib
0x000000010a156000 	/Library/Java/JavaVirtualMachines/jdk1.8.0_101.jdk/Contents/Home/jre/lib/libnpt.dylib
0x000000010a163000 	/Library/Java/JavaVirtualMachines/jdk1.8.0_101.jdk/Contents/Home/jre/lib/libzip.dylib
0x000000010a1e5000 	/System/Library/Frameworks/JavaVM.framework/Frameworks/JavaRuntimeSupport.framework/JavaRuntimeSupport
0x0000000125d5b000 	/System/Library/Frameworks/JavaVM.framework/Versions/A/Frameworks/JavaNativeFoundation.framework/Versions/A/JavaNativeFoundation
0x0000000125d70000 	/System/Library/Frameworks/JavaVM.framework/Versions/A/JavaVM
0x0000000007385000 	/System/Library/Frameworks/Carbon.framework/Versions/A/Carbon
0x0000000125d7d000 	/System/Library/PrivateFrameworks/JavaLaunching.framework/Versions/A/JavaLaunching
0x0000000007385000 	/System/Library/Frameworks/Carbon.framework/Versions/A/Frameworks/CommonPanels.framework/Versions/A/CommonPanels
0x0000000007385000 	/System/Library/Frameworks/Carbon.framework/Versions/A/Frameworks/Help.framework/Versions/A/Help
0x0000000007385000 	/System/Library/Frameworks/Carbon.framework/Versions/A/Frameworks/ImageCapture.framework/Versions/A/ImageCapture
0x0000000007385000 	/System/Library/Frameworks/Carbon.framework/Versions/A/Frameworks/OpenScripting.framework/Versions/A/OpenScripting
0x0000000007385000 	/System/Library/Frameworks/Carbon.framework/Versions/A/Frameworks/Print.framework/Versions/A/Print
0x0000000007385000 	/System/Library/Frameworks/Carbon.framework/Versions/A/Frameworks/SecurityHI.framework/Versions/A/SecurityHI
0x00000001276a0000 	/Library/Java/JavaVirtualMachines/jdk1.8.0_101.jdk/Contents/Home/jre/lib/libdt_socket.dylib
0x000000012782d000 	/Library/Java/JavaVirtualMachines/jdk1.8.0_101.jdk/Contents/Home/jre/lib/libnio.dylib
0x000000012783d000 	/Library/Java/JavaVirtualMachines/jdk1.8.0_101.jdk/Contents/Home/jre/lib/./libnet.dylib

VM Arguments:
jvm_args: -agentlib:jdwp=transport=dt_socket,suspend=y,address=localhost:55313 -Dfile.encoding=UTF-8 
java_command: edu.umd.lib.cloudpolling.CloudPollingApp new testproject
java_class_path (initial): /apps/workspace/cloudpolling/target/classes:/Users/tlarrue/.m2/repository/org/apache/activemq/activemq-all/5.14.1/activemq-all-5.14.1.jar:/Users/tlarrue/.m2/repository/org/apache/camel/camel-core/2.17.0/camel-core-2.17.0.jar:/Users/tlarrue/.m2/repository/org/slf4j/slf4j-api/1.7.13/slf4j-api-1.7.13.jar:/Users/tlarrue/.m2/repository/com/sun/xml/bind/jaxb-core/2.2.11/jaxb-core-2.2.11.jar:/Users/tlarrue/.m2/repository/com/sun/xml/bind/jaxb-impl/2.2.11/jaxb-impl-2.2.11.jar:/Users/tlarrue/.m2/repository/com/box/box-java-sdk/2.1.1/box-java-sdk-2.1.1.jar:/Users/tlarrue/.m2/repository/com/eclipsesource/minimal-json/minimal-json/0.9.1/minimal-json-0.9.1.jar:/Users/tlarrue/.m2/repository/org/bouncycastle/bcprov-jdk15on/1.52/bcprov-jdk15on-1.52.jar:/Users/tlarrue/.m2/repository/org/bouncycastle/bcpkix-jdk15on/1.52/bcpkix-jdk15on-1.52.jar:/Users/tlarrue/.m2/repository/org/bitbucket/b_c/jose4j/0.4.4/jose4j-0.4.4.jar:/Users/tlarrue/.m2/repository/pl/jsolve/templ4docx/1.0.0/templ4docx-1.0.0.jar:/Users/tlarrue/.m2/repository/org/apache/poi/poi/3.12/poi-3.12.jar:/Users/tlarrue/.m2/repository/commons-codec/commons-codec/1.9/commons-codec-1.9.jar:/Users/tlarrue/.m2/repository/org/apache/poi/poi-ooxml/3.12/poi-ooxml-3.12.jar:/Users/tlarrue/.m2/repository/org/apache/poi/poi-ooxml-schemas/3.12/poi-ooxml-schemas-3.12.jar:/Users/tlarrue/.m2/repository/org/apache/xmlbeans/xmlbeans/2.6.0/xmlbeans-2.6.0.jar:/Users/tlarrue/.m2/repository/stax/stax-api/1.0.1/stax-api-1.0.1.jar:/Users/tlarrue/.m2/repository/org/apache/poi/poi-scratchpad/3.12/poi-scratchpad-3.12.jar:/Users/tlarrue/.m2/repository/org/apache/commons/commons-lang3/3.4/commons-lang3-3.4.jar:/Users/tlarrue/.m2/repository/pl/jsolve/sweetener/1.0.0/sweetener-1.0.0.jar:/Users/tlarrue/.m2/repository/org/codehaus/jackson/jackson-mapper-asl/1.9.12/jackson-mapper-asl-1.9.12.jar:/Users/tlarrue/.m2/repository/org/codehaus/jackson/jackson-core-asl/1.9.12/jackson-core-asl-1.9.12.jar:/Users/tlarrue/.m2/repository/org/e
Launcher Type: SUN_STANDARD

Environment Variables:
PATH=/usr/bin:/bin:/usr/sbin:/sbin
SHELL=/bin/bash

Signal Handlers:
SIGSEGV: [libjvm.dylib+0x5af145], sa_mask[0]=11111111011111110111111111111111, sa_flags=SA_ONSTACK|SA_RESTART|SA_SIGINFO
SIGBUS: [libjvm.dylib+0x5af145], sa_mask[0]=11111111011111110111111111111111, sa_flags=SA_RESTART|SA_SIGINFO
SIGFPE: [libjvm.dylib+0x48694c], sa_mask[0]=11111111011111110111111111111111, sa_flags=SA_RESTART|SA_SIGINFO
SIGPIPE: [libjvm.dylib+0x48694c], sa_mask[0]=11111111011111110111111111111111, sa_flags=SA_RESTART|SA_SIGINFO
SIGXFSZ: [libjvm.dylib+0x48694c], sa_mask[0]=11111111011111110111111111111111, sa_flags=SA_RESTART|SA_SIGINFO
SIGILL: [libjvm.dylib+0x48694c], sa_mask[0]=11111111011111110111111111111111, sa_flags=SA_RESTART|SA_SIGINFO
SIGUSR1: SIG_DFL, sa_mask[0]=00000000000000000000000000000000, sa_flags=none
SIGUSR2: [libjvm.dylib+0x48646a], sa_mask[0]=00100000000000000000000000000000, sa_flags=SA_RESTART|SA_SIGINFO
SIGHUP: [libjvm.dylib+0x484a41], sa_mask[0]=11111111011111110111111111111111, sa_flags=SA_RESTART|SA_SIGINFO
SIGINT: [libjvm.dylib+0x484a41], sa_mask[0]=11111111011111110111111111111111, sa_flags=SA_RESTART|SA_SIGINFO
SIGTERM: [libjvm.dylib+0x484a41], sa_mask[0]=11111111011111110111111111111111, sa_flags=SA_RESTART|SA_SIGINFO
SIGQUIT: [libjvm.dylib+0x484a41], sa_mask[0]=11111111011111110111111111111111, sa_flags=SA_RESTART|SA_SIGINFO


---------------  S Y S T E M  ---------------

OS:Bsduname:Darwin 15.6.0 Darwin Kernel Version 15.6.0: Mon Aug 29 20:21:34 PDT 2016; root:xnu-3248.60.11~1/RELEASE_X86_64 x86_64
rlimit: STACK 8192k, CORE 0k, NPROC 709, NOFILE 10240, AS infinity
load average:2.25 2.20 2.27

CPU:total 4 (4 cores per cpu, 1 threads per core) family 6 model 71 stepping 1, cmov, cx8, fxsr, mmx, sse, sse2, sse3, ssse3, sse4.1, sse4.2, popcnt, avx, avx2, aes, clmul, erms, rtm, 3dnowpref, lzcnt, tsc, tscinvbit, bmi1, bmi2, adx

Memory: 4k page, physical 16777216k(3836328k free)

/proc/meminfo:


vm_info: Java HotSpot(TM) 64-Bit Server VM (25.101-b13) for bsd-amd64 JRE (1.8.0_101-b13), built on Jun 22 2016 02:42:15 by "java_re" with gcc 4.2.1 (Based on Apple Inc. build 5658) (LLVM build 2336.11.00)

time: Mon Oct 31 09:50:55 2016
elapsed time: 929 seconds (0d 0h 15m 29s)

